<?xml version="1.0" encoding="UTF-8"?>
<!-- Generated by org.testng.reporters.JUnitReportReporter -->
<testsuite skipped="0" hostname="kartikey" name="MySeleniumSessionClasses.MySeleniumSessionClasses.NewTest" tests="1" failures="0" timestamp="2019-12-01T12:55:41 IST" time="5.858" errors="0">
  <testcase name="testEasy" time="5.858" classname="MySeleniumSessionClasses.MySeleniumSessionClasses.NewTest"/>
</testsuite> <!-- MySeleniumSessionClasses.MySeleniumSessionClasses.NewTest -->
